mode: atomic
fww-core/internal/usecase/airport.go:6.112,8.16 2 1
fww-core/internal/usecase/airport.go:8.16,10.3 1 0
fww-core/internal/usecase/airport.go:12.2,14.27 2 1
fww-core/internal/usecase/airport.go:14.27,25.3 1 2
fww-core/internal/usecase/airport.go:27.2,27.22 1 1
fww-core/internal/usecase/booking.go:15.89,19.16 3 1
fww-core/internal/usecase/booking.go:19.16,21.3 1 0
fww-core/internal/usecase/booking.go:23.2,23.27 1 1
fww-core/internal/usecase/booking.go:23.27,25.3 1 0
fww-core/internal/usecase/booking.go:27.2,32.25 4 1
fww-core/internal/usecase/booking.go:32.25,34.17 2 0
fww-core/internal/usecase/booking.go:34.17,36.4 1 0
fww-core/internal/usecase/booking.go:37.3,37.24 1 0
fww-core/internal/usecase/booking.go:37.24,39.4 1 0
fww-core/internal/usecase/booking.go:40.3,40.58 1 0
fww-core/internal/usecase/booking.go:43.2,44.16 2 1
fww-core/internal/usecase/booking.go:44.16,46.3 1 0
fww-core/internal/usecase/booking.go:48.2,48.22 1 1
fww-core/internal/usecase/booking.go:48.22,50.3 1 0
fww-core/internal/usecase/booking.go:52.2,76.16 6 1
fww-core/internal/usecase/booking.go:76.16,78.3 1 0
fww-core/internal/usecase/booking.go:79.2,97.16 6 1
fww-core/internal/usecase/booking.go:97.16,99.3 1 0
fww-core/internal/usecase/booking.go:102.2,113.16 3 1
fww-core/internal/usecase/booking.go:113.16,115.3 1 0
fww-core/internal/usecase/booking.go:117.2,118.25 2 1
fww-core/internal/usecase/booking.go:118.25,120.3 1 0
fww-core/internal/usecase/booking.go:123.2,123.37 1 1
fww-core/internal/usecase/booking.go:123.37,134.17 3 1
fww-core/internal/usecase/booking.go:134.17,136.4 1 0
fww-core/internal/usecase/booking.go:141.2,147.16 3 1
fww-core/internal/usecase/booking.go:147.16,149.3 1 0
fww-core/internal/usecase/booking.go:151.2,151.12 1 1
fww-core/internal/usecase/booking.go:156.90,158.16 2 6
fww-core/internal/usecase/booking.go:158.16,160.3 1 5
fww-core/internal/usecase/booking.go:162.2,162.20 1 1
fww-core/internal/usecase/booking.go:162.20,164.3 1 0
fww-core/internal/usecase/booking.go:166.2,167.16 2 1
fww-core/internal/usecase/booking.go:167.16,169.3 1 0
fww-core/internal/usecase/booking.go:171.2,172.16 2 1
fww-core/internal/usecase/booking.go:172.16,174.3 1 0
fww-core/internal/usecase/booking.go:176.2,176.26 1 1
fww-core/internal/usecase/booking.go:176.26,178.3 1 0
fww-core/internal/usecase/booking.go:180.2,181.16 2 1
fww-core/internal/usecase/booking.go:181.16,183.3 1 0
fww-core/internal/usecase/booking.go:185.2,185.31 1 1
fww-core/internal/usecase/booking.go:185.31,187.3 1 0
fww-core/internal/usecase/booking.go:190.2,194.41 3 1
fww-core/internal/usecase/booking.go:194.41,196.17 2 1
fww-core/internal/usecase/booking.go:196.17,198.4 1 0
fww-core/internal/usecase/booking.go:200.3,206.5 1 1
fww-core/internal/usecase/booking.go:209.2,223.26 2 1
fww-core/internal/usecase/booking.go:228.82,230.16 2 7
fww-core/internal/usecase/booking.go:230.16,232.3 1 0
fww-core/internal/usecase/booking.go:234.2,234.33 1 7
fww-core/internal/usecase/booking.go:234.33,236.3 1 0
fww-core/internal/usecase/booking.go:239.2,241.16 3 7
fww-core/internal/usecase/booking.go:241.16,243.3 1 0
fww-core/internal/usecase/booking.go:245.2,245.12 1 7
fww-core/internal/usecase/booking.go:249.78,251.16 2 3
fww-core/internal/usecase/booking.go:251.16,253.3 1 0
fww-core/internal/usecase/booking.go:255.2,255.27 1 3
fww-core/internal/usecase/booking.go:255.27,257.3 1 0
fww-core/internal/usecase/booking.go:259.2,261.16 3 3
fww-core/internal/usecase/booking.go:261.16,263.3 1 0
fww-core/internal/usecase/booking.go:265.2,265.12 1 3
fww-core/internal/usecase/flight.go:9.90,11.16 2 4
fww-core/internal/usecase/flight.go:11.16,13.3 1 1
fww-core/internal/usecase/flight.go:15.2,15.26 1 3
fww-core/internal/usecase/flight.go:15.26,17.3 1 0
fww-core/internal/usecase/flight.go:19.2,20.16 2 3
fww-core/internal/usecase/flight.go:20.16,22.3 1 1
fww-core/internal/usecase/flight.go:24.2,24.31 1 2
fww-core/internal/usecase/flight.go:24.31,26.3 1 0
fww-core/internal/usecase/flight.go:28.2,29.16 2 2
fww-core/internal/usecase/flight.go:29.16,31.3 1 1
fww-core/internal/usecase/flight.go:33.2,33.37 1 1
fww-core/internal/usecase/flight.go:33.37,35.3 1 0
fww-core/internal/usecase/flight.go:37.2,48.22 2 1
fww-core/internal/usecase/flight.go:52.132,54.16 2 2
fww-core/internal/usecase/flight.go:54.16,56.3 1 1
fww-core/internal/usecase/flight.go:58.2,60.27 2 1
fww-core/internal/usecase/flight.go:60.27,69.3 1 2
fww-core/internal/usecase/flight.go:71.2,71.22 1 1
fww-core/internal/usecase/notification.go:75.77,76.20 1 3
fww-core/internal/usecase/notification.go:77.22,79.17 2 1
fww-core/internal/usecase/notification.go:79.17,81.4 1 0
fww-core/internal/usecase/notification.go:84.3,85.55 2 1
fww-core/internal/usecase/notification.go:85.55,92.4 2 1
fww-core/internal/usecase/notification.go:94.3,95.55 2 1
fww-core/internal/usecase/notification.go:95.55,103.4 2 1
fww-core/internal/usecase/notification.go:104.3,113.17 3 1
fww-core/internal/usecase/notification.go:113.17,115.4 1 0
fww-core/internal/usecase/notification.go:117.3,124.17 3 1
fww-core/internal/usecase/notification.go:124.17,126.4 1 0
fww-core/internal/usecase/notification.go:128.22,130.17 2 1
fww-core/internal/usecase/notification.go:130.17,132.4 1 0
fww-core/internal/usecase/notification.go:135.3,144.17 3 1
fww-core/internal/usecase/notification.go:144.17,146.4 1 0
fww-core/internal/usecase/notification.go:148.3,155.17 3 1
fww-core/internal/usecase/notification.go:155.17,157.4 1 0
fww-core/internal/usecase/notification.go:159.21,161.17 2 1
fww-core/internal/usecase/notification.go:161.17,163.4 1 0
fww-core/internal/usecase/notification.go:166.3,167.55 2 1
fww-core/internal/usecase/notification.go:167.55,175.4 2 1
fww-core/internal/usecase/notification.go:177.3,189.17 3 1
fww-core/internal/usecase/notification.go:189.17,191.4 1 0
fww-core/internal/usecase/notification.go:193.3,200.17 3 1
fww-core/internal/usecase/notification.go:200.17,202.4 1 0
fww-core/internal/usecase/notification.go:204.10,205.39 1 0
fww-core/internal/usecase/notification.go:208.2,208.12 1 3
fww-core/internal/usecase/notification.go:211.117,214.46 3 1
fww-core/internal/usecase/notification.go:214.46,216.3 1 0
fww-core/internal/usecase/notification.go:217.2,217.26 1 1
fww-core/internal/usecase/notification.go:220.124,223.46 3 1
fww-core/internal/usecase/notification.go:223.46,225.3 1 0
fww-core/internal/usecase/notification.go:226.2,226.26 1 1
fww-core/internal/usecase/notification.go:229.123,232.46 3 1
fww-core/internal/usecase/notification.go:232.46,234.3 1 0
fww-core/internal/usecase/notification.go:235.2,235.26 1 1
fww-core/internal/usecase/passanger.go:11.83,13.16 2 1
fww-core/internal/usecase/passanger.go:13.16,15.3 1 0
fww-core/internal/usecase/passanger.go:17.2,17.20 1 1
fww-core/internal/usecase/passanger.go:17.20,19.3 1 0
fww-core/internal/usecase/passanger.go:21.2,34.22 2 1
fww-core/internal/usecase/passanger.go:38.116,41.16 2 1
fww-core/internal/usecase/passanger.go:41.16,43.3 1 0
fww-core/internal/usecase/passanger.go:44.2,55.16 3 1
fww-core/internal/usecase/passanger.go:55.16,57.3 1 0
fww-core/internal/usecase/passanger.go:58.2,64.16 3 1
fww-core/internal/usecase/passanger.go:64.16,66.3 1 0
fww-core/internal/usecase/passanger.go:68.2,70.8 1 1
fww-core/internal/usecase/passanger.go:75.108,78.16 2 1
fww-core/internal/usecase/passanger.go:78.16,80.3 1 0
fww-core/internal/usecase/passanger.go:81.2,81.20 1 1
fww-core/internal/usecase/passanger.go:81.20,83.3 1 0
fww-core/internal/usecase/passanger.go:86.2,86.25 1 1
fww-core/internal/usecase/passanger.go:86.25,88.3 1 1
fww-core/internal/usecase/passanger.go:89.2,89.23 1 1
fww-core/internal/usecase/passanger.go:89.23,91.3 1 1
fww-core/internal/usecase/passanger.go:92.2,92.28 1 1
fww-core/internal/usecase/passanger.go:92.28,94.17 2 1
fww-core/internal/usecase/passanger.go:94.17,96.4 1 0
fww-core/internal/usecase/passanger.go:97.3,97.35 1 1
fww-core/internal/usecase/passanger.go:99.2,99.25 1 1
fww-core/internal/usecase/passanger.go:99.25,101.3 1 1
fww-core/internal/usecase/passanger.go:102.2,102.23 1 1
fww-core/internal/usecase/passanger.go:102.23,104.3 1 1
fww-core/internal/usecase/passanger.go:106.2,107.16 2 1
fww-core/internal/usecase/passanger.go:107.16,109.3 1 0
fww-core/internal/usecase/passanger.go:111.2,115.22 2 1
fww-core/internal/usecase/passanger.go:119.89,123.16 2 1
fww-core/internal/usecase/passanger.go:123.16,125.3 1 0
fww-core/internal/usecase/passanger.go:127.2,127.20 1 1
fww-core/internal/usecase/passanger.go:127.20,129.3 1 0
fww-core/internal/usecase/passanger.go:132.2,132.30 1 1
fww-core/internal/usecase/passanger.go:132.30,134.3 1 1
fww-core/internal/usecase/passanger.go:135.2,135.29 1 1
fww-core/internal/usecase/passanger.go:135.29,137.3 1 1
fww-core/internal/usecase/passanger.go:138.2,138.22 1 1
fww-core/internal/usecase/passanger.go:138.22,140.3 1 1
fww-core/internal/usecase/passanger.go:142.2,143.16 2 1
fww-core/internal/usecase/passanger.go:143.16,145.3 1 0
fww-core/internal/usecase/passanger.go:147.2,147.12 1 1
fww-core/internal/usecase/payment.go:11.75,13.16 2 6
fww-core/internal/usecase/payment.go:13.16,15.3 1 1
fww-core/internal/usecase/payment.go:17.2,17.27 1 5
fww-core/internal/usecase/payment.go:17.27,19.3 1 0
fww-core/internal/usecase/payment.go:21.2,24.16 3 5
fww-core/internal/usecase/payment.go:24.16,26.3 1 1
fww-core/internal/usecase/payment.go:28.2,29.16 2 4
fww-core/internal/usecase/payment.go:29.16,31.3 1 1
fww-core/internal/usecase/payment.go:34.2,36.16 3 3
fww-core/internal/usecase/payment.go:36.16,38.3 1 1
fww-core/internal/usecase/payment.go:40.2,51.16 5 2
fww-core/internal/usecase/payment.go:51.16,53.3 1 1
fww-core/internal/usecase/payment.go:55.2,55.12 1 1
fww-core/internal/usecase/payment.go:59.66,61.16 2 1
fww-core/internal/usecase/payment.go:61.16,63.3 1 0
fww-core/internal/usecase/payment.go:65.2,65.27 1 1
fww-core/internal/usecase/payment.go:65.27,67.3 1 0
fww-core/internal/usecase/payment.go:71.2,71.55 1 1
fww-core/internal/usecase/payment.go:71.55,73.3 1 0
fww-core/internal/usecase/payment.go:75.2,76.16 2 1
fww-core/internal/usecase/payment.go:76.16,78.3 1 0
fww-core/internal/usecase/payment.go:80.2,81.35 2 1
fww-core/internal/usecase/payment.go:81.35,82.48 1 3
fww-core/internal/usecase/payment.go:82.48,84.4 1 1
fww-core/internal/usecase/payment.go:87.2,87.14 1 1
fww-core/internal/usecase/payment.go:87.14,89.3 1 0
fww-core/internal/usecase/payment.go:91.2,92.16 2 1
fww-core/internal/usecase/payment.go:92.16,94.3 1 0
fww-core/internal/usecase/payment.go:96.2,104.16 3 1
fww-core/internal/usecase/payment.go:104.16,106.3 1 0
fww-core/internal/usecase/payment.go:108.2,108.12 1 1
fww-core/internal/usecase/payment.go:112.78,114.16 2 1
fww-core/internal/usecase/payment.go:114.16,116.3 1 0
fww-core/internal/usecase/payment.go:118.2,123.16 5 1
fww-core/internal/usecase/payment.go:123.16,125.3 1 0
fww-core/internal/usecase/payment.go:127.2,127.12 1 1
fww-core/internal/usecase/payment.go:130.92,132.16 2 1
fww-core/internal/usecase/payment.go:132.16,134.3 1 0
fww-core/internal/usecase/payment.go:136.2,136.20 1 1
fww-core/internal/usecase/payment.go:136.20,138.3 1 0
fww-core/internal/usecase/payment.go:140.2,142.8 1 1
fww-core/internal/usecase/payment.go:147.76,149.16 2 2
fww-core/internal/usecase/payment.go:149.16,151.3 1 1
fww-core/internal/usecase/payment.go:153.2,155.27 2 1
fww-core/internal/usecase/payment.go:155.27,161.3 1 3
fww-core/internal/usecase/payment.go:163.2,163.22 1 1
fww-core/internal/usecase/ticket.go:15.81,19.16 2 7
fww-core/internal/usecase/ticket.go:19.16,21.3 1 0
fww-core/internal/usecase/ticket.go:23.2,23.21 1 7
fww-core/internal/usecase/ticket.go:23.21,25.3 1 0
fww-core/internal/usecase/ticket.go:28.2,28.49 1 7
fww-core/internal/usecase/ticket.go:28.49,30.3 1 0
fww-core/internal/usecase/ticket.go:33.2,35.16 3 7
fww-core/internal/usecase/ticket.go:35.16,37.3 1 0
fww-core/internal/usecase/ticket.go:40.2,57.16 5 7
fww-core/internal/usecase/ticket.go:57.16,59.3 1 0
fww-core/internal/usecase/ticket.go:61.2,62.16 2 7
fww-core/internal/usecase/ticket.go:62.16,64.3 1 0
fww-core/internal/usecase/ticket.go:66.2,67.47 2 7
fww-core/internal/usecase/ticket.go:67.47,69.17 2 7
fww-core/internal/usecase/ticket.go:69.17,71.4 1 5
fww-core/internal/usecase/ticket.go:72.3,76.5 1 2
fww-core/internal/usecase/ticket.go:79.2,86.16 3 2
fww-core/internal/usecase/ticket.go:86.16,88.3 1 0
fww-core/internal/usecase/ticket.go:90.2,95.22 2 2
fww-core/internal/usecase/ticket.go:100.75,104.16 2 4
fww-core/internal/usecase/ticket.go:104.16,106.3 1 0
fww-core/internal/usecase/ticket.go:108.2,108.20 1 4
fww-core/internal/usecase/ticket.go:108.20,110.3 1 0
fww-core/internal/usecase/ticket.go:113.2,118.16 3 4
fww-core/internal/usecase/ticket.go:118.16,120.3 1 0
fww-core/internal/usecase/ticket.go:122.2,122.12 1 4
fww-core/internal/usecase/usecase.go:51.98,57.2 1 19
