mode: atomic
fww-core/internal/usecase/airport.go:6.112,8.16 2 1
fww-core/internal/usecase/airport.go:8.16,10.3 1 0
fww-core/internal/usecase/airport.go:12.2,14.27 2 1
fww-core/internal/usecase/airport.go:14.27,25.3 1 2
fww-core/internal/usecase/airport.go:27.2,27.22 1 1
fww-core/internal/usecase/booking.go:15.89,19.16 3 1
fww-core/internal/usecase/booking.go:19.16,21.3 1 0
fww-core/internal/usecase/booking.go:23.2,23.27 1 1
fww-core/internal/usecase/booking.go:23.27,25.3 1 0
fww-core/internal/usecase/booking.go:28.2,30.25 3 1
fww-core/internal/usecase/booking.go:30.25,32.17 2 0
fww-core/internal/usecase/booking.go:32.17,34.4 1 0
fww-core/internal/usecase/booking.go:35.3,35.24 1 0
fww-core/internal/usecase/booking.go:35.24,37.4 1 0
fww-core/internal/usecase/booking.go:38.3,38.58 1 0
fww-core/internal/usecase/booking.go:41.2,42.16 2 1
fww-core/internal/usecase/booking.go:42.16,44.3 1 0
fww-core/internal/usecase/booking.go:46.2,46.22 1 1
fww-core/internal/usecase/booking.go:46.22,48.3 1 0
fww-core/internal/usecase/booking.go:50.2,72.16 6 1
fww-core/internal/usecase/booking.go:72.16,74.3 1 0
fww-core/internal/usecase/booking.go:75.2,92.16 6 1
fww-core/internal/usecase/booking.go:92.16,94.3 1 0
fww-core/internal/usecase/booking.go:97.2,108.16 3 1
fww-core/internal/usecase/booking.go:108.16,110.3 1 0
fww-core/internal/usecase/booking.go:113.2,113.37 1 1
fww-core/internal/usecase/booking.go:113.37,124.17 3 1
fww-core/internal/usecase/booking.go:124.17,126.4 1 0
fww-core/internal/usecase/booking.go:131.2,136.16 3 1
fww-core/internal/usecase/booking.go:136.16,138.3 1 0
fww-core/internal/usecase/booking.go:140.2,140.12 1 1
fww-core/internal/usecase/booking.go:145.90,147.16 2 1
fww-core/internal/usecase/booking.go:147.16,149.3 1 0
fww-core/internal/usecase/booking.go:151.2,151.20 1 1
fww-core/internal/usecase/booking.go:151.20,153.3 1 0
fww-core/internal/usecase/booking.go:155.2,156.16 2 1
fww-core/internal/usecase/booking.go:156.16,158.3 1 0
fww-core/internal/usecase/booking.go:160.2,161.16 2 1
fww-core/internal/usecase/booking.go:161.16,163.3 1 0
fww-core/internal/usecase/booking.go:165.2,165.26 1 1
fww-core/internal/usecase/booking.go:165.26,167.3 1 0
fww-core/internal/usecase/booking.go:169.2,170.16 2 1
fww-core/internal/usecase/booking.go:170.16,172.3 1 0
fww-core/internal/usecase/booking.go:174.2,174.31 1 1
fww-core/internal/usecase/booking.go:174.31,176.3 1 0
fww-core/internal/usecase/booking.go:179.2,183.41 3 1
fww-core/internal/usecase/booking.go:183.41,185.17 2 1
fww-core/internal/usecase/booking.go:185.17,187.4 1 0
fww-core/internal/usecase/booking.go:189.3,195.5 1 1
fww-core/internal/usecase/booking.go:198.2,212.26 2 1
fww-core/internal/usecase/booking.go:217.82,219.16 2 0
fww-core/internal/usecase/booking.go:219.16,221.3 1 0
fww-core/internal/usecase/booking.go:223.2,223.33 1 0
fww-core/internal/usecase/booking.go:223.33,225.3 1 0
fww-core/internal/usecase/booking.go:228.2,230.16 3 0
fww-core/internal/usecase/booking.go:230.16,232.3 1 0
fww-core/internal/usecase/booking.go:234.2,234.12 1 0
fww-core/internal/usecase/flight.go:9.90,11.16 2 1
fww-core/internal/usecase/flight.go:11.16,13.3 1 0
fww-core/internal/usecase/flight.go:15.2,15.26 1 1
fww-core/internal/usecase/flight.go:15.26,17.3 1 0
fww-core/internal/usecase/flight.go:19.2,20.16 2 1
fww-core/internal/usecase/flight.go:20.16,22.3 1 0
fww-core/internal/usecase/flight.go:24.2,24.31 1 1
fww-core/internal/usecase/flight.go:24.31,26.3 1 0
fww-core/internal/usecase/flight.go:28.2,29.16 2 1
fww-core/internal/usecase/flight.go:29.16,31.3 1 0
fww-core/internal/usecase/flight.go:33.2,33.37 1 1
fww-core/internal/usecase/flight.go:33.37,35.3 1 0
fww-core/internal/usecase/flight.go:37.2,48.22 2 1
fww-core/internal/usecase/flight.go:52.132,54.16 2 1
fww-core/internal/usecase/flight.go:54.16,56.3 1 0
fww-core/internal/usecase/flight.go:58.2,60.27 2 1
fww-core/internal/usecase/flight.go:60.27,69.3 1 2
fww-core/internal/usecase/flight.go:71.2,71.22 1 1
fww-core/internal/usecase/notification.go:75.77,76.20 1 0
fww-core/internal/usecase/notification.go:77.22,79.17 2 0
fww-core/internal/usecase/notification.go:79.17,81.4 1 0
fww-core/internal/usecase/notification.go:84.3,85.55 2 0
fww-core/internal/usecase/notification.go:85.55,92.4 2 0
fww-core/internal/usecase/notification.go:94.3,95.55 2 0
fww-core/internal/usecase/notification.go:95.55,103.4 2 0
fww-core/internal/usecase/notification.go:104.3,113.17 3 0
fww-core/internal/usecase/notification.go:113.17,115.4 1 0
fww-core/internal/usecase/notification.go:117.3,124.17 3 0
fww-core/internal/usecase/notification.go:124.17,126.4 1 0
fww-core/internal/usecase/notification.go:128.22,130.17 2 0
fww-core/internal/usecase/notification.go:130.17,132.4 1 0
fww-core/internal/usecase/notification.go:135.3,144.17 3 0
fww-core/internal/usecase/notification.go:144.17,146.4 1 0
fww-core/internal/usecase/notification.go:148.3,155.17 3 0
fww-core/internal/usecase/notification.go:155.17,157.4 1 0
fww-core/internal/usecase/notification.go:159.21,161.17 2 0
fww-core/internal/usecase/notification.go:161.17,163.4 1 0
fww-core/internal/usecase/notification.go:166.3,167.55 2 0
fww-core/internal/usecase/notification.go:167.55,175.4 2 0
fww-core/internal/usecase/notification.go:177.3,189.17 3 0
fww-core/internal/usecase/notification.go:189.17,191.4 1 0
fww-core/internal/usecase/notification.go:193.3,200.17 3 0
fww-core/internal/usecase/notification.go:200.17,202.4 1 0
fww-core/internal/usecase/notification.go:204.10,205.39 1 0
fww-core/internal/usecase/notification.go:208.2,208.12 1 0
fww-core/internal/usecase/notification.go:211.117,214.46 3 0
fww-core/internal/usecase/notification.go:214.46,216.3 1 0
fww-core/internal/usecase/notification.go:217.2,217.26 1 0
fww-core/internal/usecase/notification.go:220.124,223.46 3 0
fww-core/internal/usecase/notification.go:223.46,225.3 1 0
fww-core/internal/usecase/notification.go:226.2,226.26 1 0
fww-core/internal/usecase/notification.go:229.123,232.46 3 0
fww-core/internal/usecase/notification.go:232.46,234.3 1 0
fww-core/internal/usecase/notification.go:235.2,235.26 1 0
fww-core/internal/usecase/passanger.go:11.83,13.16 2 1
fww-core/internal/usecase/passanger.go:13.16,15.3 1 0
fww-core/internal/usecase/passanger.go:17.2,17.20 1 1
fww-core/internal/usecase/passanger.go:17.20,19.3 1 0
fww-core/internal/usecase/passanger.go:21.2,34.22 2 1
fww-core/internal/usecase/passanger.go:38.116,41.16 2 1
fww-core/internal/usecase/passanger.go:41.16,43.3 1 0
fww-core/internal/usecase/passanger.go:44.2,55.16 3 1
fww-core/internal/usecase/passanger.go:55.16,57.3 1 0
fww-core/internal/usecase/passanger.go:58.2,64.16 3 1
fww-core/internal/usecase/passanger.go:64.16,66.3 1 0
fww-core/internal/usecase/passanger.go:68.2,70.8 1 1
fww-core/internal/usecase/passanger.go:75.108,78.16 2 1
fww-core/internal/usecase/passanger.go:78.16,80.3 1 0
fww-core/internal/usecase/passanger.go:81.2,81.20 1 1
fww-core/internal/usecase/passanger.go:81.20,83.3 1 0
fww-core/internal/usecase/passanger.go:86.2,86.25 1 1
fww-core/internal/usecase/passanger.go:86.25,88.3 1 1
fww-core/internal/usecase/passanger.go:89.2,89.23 1 1
fww-core/internal/usecase/passanger.go:89.23,91.3 1 1
fww-core/internal/usecase/passanger.go:92.2,92.28 1 1
fww-core/internal/usecase/passanger.go:92.28,94.17 2 1
fww-core/internal/usecase/passanger.go:94.17,96.4 1 0
fww-core/internal/usecase/passanger.go:97.3,97.35 1 1
fww-core/internal/usecase/passanger.go:99.2,99.25 1 1
fww-core/internal/usecase/passanger.go:99.25,101.3 1 1
fww-core/internal/usecase/passanger.go:102.2,102.23 1 1
fww-core/internal/usecase/passanger.go:102.23,104.3 1 1
fww-core/internal/usecase/passanger.go:106.2,107.16 2 1
fww-core/internal/usecase/passanger.go:107.16,109.3 1 0
fww-core/internal/usecase/passanger.go:111.2,115.22 2 1
fww-core/internal/usecase/passanger.go:119.89,123.16 2 0
fww-core/internal/usecase/passanger.go:123.16,125.3 1 0
fww-core/internal/usecase/passanger.go:127.2,127.20 1 0
fww-core/internal/usecase/passanger.go:127.20,129.3 1 0
fww-core/internal/usecase/passanger.go:132.2,132.30 1 0
fww-core/internal/usecase/passanger.go:132.30,134.3 1 0
fww-core/internal/usecase/passanger.go:135.2,135.29 1 0
fww-core/internal/usecase/passanger.go:135.29,137.3 1 0
fww-core/internal/usecase/passanger.go:138.2,138.22 1 0
fww-core/internal/usecase/passanger.go:138.22,140.3 1 0
fww-core/internal/usecase/passanger.go:142.2,143.16 2 0
fww-core/internal/usecase/passanger.go:143.16,145.3 1 0
fww-core/internal/usecase/passanger.go:147.2,147.12 1 0
fww-core/internal/usecase/payment.go:11.75,13.16 2 1
fww-core/internal/usecase/payment.go:13.16,15.3 1 0
fww-core/internal/usecase/payment.go:17.2,17.27 1 1
fww-core/internal/usecase/payment.go:17.27,19.3 1 0
fww-core/internal/usecase/payment.go:21.2,24.16 3 1
fww-core/internal/usecase/payment.go:24.16,26.3 1 0
fww-core/internal/usecase/payment.go:28.2,29.16 2 1
fww-core/internal/usecase/payment.go:29.16,31.3 1 0
fww-core/internal/usecase/payment.go:34.2,36.16 3 1
fww-core/internal/usecase/payment.go:36.16,38.3 1 0
fww-core/internal/usecase/payment.go:40.2,51.16 5 1
fww-core/internal/usecase/payment.go:51.16,53.3 1 0
fww-core/internal/usecase/payment.go:57.2,57.12 1 1
fww-core/internal/usecase/payment.go:61.66,63.16 2 1
fww-core/internal/usecase/payment.go:63.16,65.3 1 0
fww-core/internal/usecase/payment.go:67.2,67.27 1 1
fww-core/internal/usecase/payment.go:67.27,69.3 1 0
fww-core/internal/usecase/payment.go:73.2,73.55 1 1
fww-core/internal/usecase/payment.go:73.55,75.3 1 0
fww-core/internal/usecase/payment.go:77.2,78.16 2 1
fww-core/internal/usecase/payment.go:78.16,80.3 1 0
fww-core/internal/usecase/payment.go:82.2,83.35 2 1
fww-core/internal/usecase/payment.go:83.35,84.48 1 3
fww-core/internal/usecase/payment.go:84.48,86.4 1 1
fww-core/internal/usecase/payment.go:89.2,89.14 1 1
fww-core/internal/usecase/payment.go:89.14,91.3 1 0
fww-core/internal/usecase/payment.go:93.2,94.16 2 1
fww-core/internal/usecase/payment.go:94.16,96.3 1 0
fww-core/internal/usecase/payment.go:98.2,105.16 3 1
fww-core/internal/usecase/payment.go:105.16,107.3 1 0
fww-core/internal/usecase/payment.go:109.2,109.12 1 1
fww-core/internal/usecase/payment.go:113.78,115.16 2 0
fww-core/internal/usecase/payment.go:115.16,117.3 1 0
fww-core/internal/usecase/payment.go:119.2,124.16 5 0
fww-core/internal/usecase/payment.go:124.16,126.3 1 0
fww-core/internal/usecase/payment.go:128.2,128.12 1 0
fww-core/internal/usecase/payment.go:132.55,133.24 1 0
fww-core/internal/usecase/payment.go:137.92,139.16 2 1
fww-core/internal/usecase/payment.go:139.16,141.3 1 0
fww-core/internal/usecase/payment.go:143.2,143.20 1 1
fww-core/internal/usecase/payment.go:143.20,145.3 1 0
fww-core/internal/usecase/payment.go:147.2,149.8 1 1
fww-core/internal/usecase/payment.go:154.76,156.16 2 1
fww-core/internal/usecase/payment.go:156.16,158.3 1 0
fww-core/internal/usecase/payment.go:160.2,162.27 2 1
fww-core/internal/usecase/payment.go:162.27,168.3 1 3
fww-core/internal/usecase/payment.go:170.2,170.22 1 1
fww-core/internal/usecase/ticket.go:15.81,19.16 2 1
fww-core/internal/usecase/ticket.go:19.16,21.3 1 0
fww-core/internal/usecase/ticket.go:23.2,23.21 1 1
fww-core/internal/usecase/ticket.go:23.21,25.3 1 0
fww-core/internal/usecase/ticket.go:28.2,28.49 1 1
fww-core/internal/usecase/ticket.go:28.49,30.3 1 0
fww-core/internal/usecase/ticket.go:33.2,35.16 3 1
fww-core/internal/usecase/ticket.go:35.16,37.3 1 0
fww-core/internal/usecase/ticket.go:40.2,57.16 5 1
fww-core/internal/usecase/ticket.go:57.16,59.3 1 0
fww-core/internal/usecase/ticket.go:61.2,62.16 2 1
fww-core/internal/usecase/ticket.go:62.16,64.3 1 0
fww-core/internal/usecase/ticket.go:66.2,67.47 2 1
fww-core/internal/usecase/ticket.go:67.47,69.17 2 1
fww-core/internal/usecase/ticket.go:69.17,71.4 1 0
fww-core/internal/usecase/ticket.go:72.3,76.5 1 1
fww-core/internal/usecase/ticket.go:79.2,86.16 3 1
fww-core/internal/usecase/ticket.go:86.16,88.3 1 0
fww-core/internal/usecase/ticket.go:90.2,95.22 2 1
fww-core/internal/usecase/ticket.go:100.75,104.16 2 0
fww-core/internal/usecase/ticket.go:104.16,106.3 1 0
fww-core/internal/usecase/ticket.go:108.2,108.20 1 0
fww-core/internal/usecase/ticket.go:108.20,110.3 1 0
fww-core/internal/usecase/ticket.go:113.2,118.16 3 0
fww-core/internal/usecase/ticket.go:118.16,120.3 1 0
fww-core/internal/usecase/ticket.go:122.2,122.12 1 0
fww-core/internal/usecase/usecase.go:51.98,57.2 1 14
